LITERAL:#
LITERAL: 
r:22,18,17,28,21,21
e:22,34,33,34,44,44
a:12,26,25,22,42,42
d:41,41,40,40,40,40
m:30,15,14,21,13,13
e:14,26,25,26,36,36
LITERAL:.
m:24,9,8,15,7,7
d:31,31,30,30,30,30
LITERAL::
LITERAL: 
t:28,24,23,10,24,24
h:30,29,28,31,22,22
e:48,35,34,35,20,20
LITERAL: 
c:40,28,27,26,16,16
y:28,9,8,25,14,14
c:36,24,23,22,12,12
l:25,23,22,28,35,35
i:43,29,28,32,33,33
c:30,18,17,16,6,6
LITERAL: 
c:26,14,13,12,2,2
y:39,45,44,36,25,25
p:21,17,16,26,23,23
h:4,3,2,5,21,21
e:22,34,33,34,44,44
r:18,14,13,24,17,17
LITERAL: 
c:12,25,24,23,38,38
o:32,16,15,24,11,11
m:26,11,10,17,9,9
p:30,26,25,10,7,7
r:31,27,26,12,5,5
e:6,18,17,18,28,28
s:28,12,11,22,26,26
s:26,10,9,20,24,24
o:18,27,26,35,22,22
r:21,42,41,27,45,45
LITERAL: 
LITERAL:(
c:38,26,25,24,14,14
c:36,24,23,22,12,12
c:34,22,21,20,10,10
LITERAL:)
LITERAL:

a:24,38,37,34,29,29
u:33,41,40,28,27,27
t:29,25,24,36,25,25
h:6,5,4,7,23,23
o:17,26,25,9,21,21
r:20,16,15,26,19,19
LITERAL::
LITERAL: 
r:14,10,9,20,13,13
a:6,20,19,16,36,36
n:28,25,24,7,9,9
d:33,33,32,32,32,32
a:25,14,13,35,30,30
l:43,41,40,46,28,28
l:41,39,38,44,26,26
LITERAL: 
l:37,35,34,40,22,22
u:26,9,8,21,20,20
j:29,28,27,31,18,18
a:36,25,24,21,16,16
n:33,30,29,37,39,39
LITERAL:

LITERAL:

d:9,9,8,8,8,8
a:26,15,14,11,6,6
t:33,29,28,40,29,29
e:30,17,16,17,2,2
LITERAL: 
o:19,28,27,11,23,23
f:1,0,24,1,21,21
LITERAL: 
d:43,43,42,42,42,42
e:18,30,29,30,40,40
c:12,25,24,23,38,38
i:21,32,31,35,36,36
s:36,20,19,30,9,9
i:17,28,27,31,32,32
v:13,8,32,21,30,30
e:6,18,17,18,28,28
LITERAL: 
c:23,11,35,34,24,24
r:23,19,18,4,22,22
e:48,35,34,35,20,20
a:38,27,26,23,18,18
t:20,41,40,27,41,41
i:24,35,34,13,14,14
o:8,17,41,25,37,37
n:29,26,25,33,35,35
LITERAL::
LITERAL: 
f:9,8,7,9,4,4
e:30,17,16,17,2,2
b:22,23,47,45,25,25
r:24,20,19,30,23,23
u:27,35,34,22,21,21
a:14,28,27,24,19,19
r:18,14,13,24,17,17
y:29,35,34,26,40,40
LITERAL: 
LITERAL:2
LITERAL:0
LITERAL:,
LITERAL: 
LITERAL:2
LITERAL:0
LITERAL:2
LITERAL:6
LITERAL:

LITERAL:

p:39,35,34,44,41,41
r:15,36,35,21,39,39
o:8,17,41,25,37,37
j:21,20,19,23,35,35
e:36,23,22,23,8,8
c:30,18,17,16,6,6
t:33,29,28,40,29,29
LITERAL: 
s:27,36,35,21,25,25
e:26,13,12,13,23,23
q:20,29,28,13,21,21
u:25,33,32,20,19,19
e:20,32,31,32,42,42
n:9,6,5,13,15,15
c:12,25,24,23,38,38
e:14,26,25,26,36,36
LITERAL::
LITERAL: 
LITERAL:#
LITERAL:1
LITERAL:

LITERAL:

LITERAL:#
LITERAL:#
LITERAL: 
LITERAL:1
LITERAL:.
LITERAL: 
e:38,25,24,25,10,10
x:20,39,38,29,33,33
e:34,21,20,21,6,6
c:28,16,15,14,4,4
u:33,41,40,28,27,27
t:29,25,24,36,25,25
i:33,19,18,22,23,23
v:29,24,23,37,21,21
e:22,34,33,34,44,44
LITERAL: 
s:17,26,25,11,15,15
u:19,27,26,14,13,13
m:28,13,12,19,11,11
m:26,11,10,17,9,9
a:27,16,15,37,32,32
r:31,27,26,12,5,5
y:17,23,22,14,28,28
LITERAL::
LITERAL: 
t:26,22,21,8,22,22
h:28,27,26,29,20,20
e:46,33,32,33,18,18
LITERAL: 
s:16,25,24,35,39,39
c:36,24,23,22,12,12
i:45,31,30,34,10,10
e:36,23,22,23,8,8
n:25,22,21,29,31,31
c:28,16,15,14,4,4
e:30,17,16,17,2,2
LITERAL: 
o:19,28,27,11,23,23
f:1,0,24,1,21,21
LITERAL: 
p:15,11,10,20,17,17
e:18,30,29,30,40,40
r:14,10,9,20,13,13
c:10,23,22,21,36,36
e:12,24,23,24,34,34
p:30,26,25,10,7,7
t:34,30,29,16,30,30
i:13,24,23,27,28,28
o:22,31,30,39,26,26
n:18,40,39,22,24,24
LITERAL:

t:24,20,19,6,20,20
h:26,25,24,27,18,18
e:44,31,30,31,16,16
LITERAL: 
c:36,24,23,22,12,12
y:24,5,4,21,10,10
c:32,20,19,18,8,8
l:21,19,18,24,31,31
i:39,25,24,28,29,29
c:26,14,13,12,2,2
LITERAL: 
c:22,35,34,33,23,23
y:35,41,40,32,21,21
p:17,13,12,22,19,19
h:25,24,23,1,17,17
e:18,30,29,30,40,40
r:14,10,9,20,13,13
LITERAL: 
c:8,21,20,19,34,34
o:28,12,11,20,7,7
m:22,32,31,38,30,30
p:26,22,21,6,3,3
r:27,23,22,8,26,26
e:2,14,13,14,24,24
s:24,8,7,18,22,22
s:22,6,5,16,20,20
o:14,23,22,31,43,43
r:17,38,37,23,41,41
LITERAL: 
LITERAL:(
c:34,22,21,20,10,10
c:32,20,19,18,8,8
c:30,18,17,16,6,6
LITERAL:)
LITERAL: 
i:35,21,20,24,25,25
s:25,34,33,19,23,23
LITERAL: 
a:14,28,27,24,19,19
LITERAL: 
n:9,6,5,13,15,15
o:34,18,17,26,13,13
n:30,27,26,9,11,11
LITERAL:-
l:22,45,44,25,32,32
i:15,26,25,29,30,30
n:22,44,43,26,28,28
e:4,16,15,16,26,26
a:44,33,32,29,24,24
r:23,19,18,4,22,22
LITERAL: 
d:19,19,18,18,18,18
a:36,25,24,21,16,16
t:18,39,38,25,39,39
a:32,21,20,17,12,12
LITERAL:-
t:37,33,32,44,33,33
o:27,36,35,19,31,31
LITERAL:-
f:7,6,5,7,27,27
r:26,22,21,32,25,25
e:26,13,12,13,23,23
q:20,29,28,13,21,21
u:25,33,32,20,19,19
e:20,32,31,32,42,42
n:9,6,5,13,15,15
c:12,25,24,23,38,38
y:25,31,30,22,36,36
LITERAL: 
e:10,22,21,22,32,32
n:24,21,20,3,5,5
g:10,21,20,23,28,28
i:11,22,21,25,26,26
n:18,40,39,22,24,24
e:0,12,36,12,22,22
LITERAL:.
LITERAL: 
u:22,5,4,17,16,16
n:33,30,29,37,39,39
l:27,25,24,30,37,37
i:45,31,30,34,10,10
k:21,32,31,11,33,33
e:34,21,20,21,6,6
LITERAL: 
t:31,27,26,38,27,27
r:26,22,21,32,25,25
a:18,32,31,28,23,23
d:47,47,46,46,46,46
i:29,15,14,18,19,19
t:21,17,16,28,17,17
i:25,11,10,14,15,15
o:34,18,17,26,13,13
n:30,27,26,9,11,11
a:4,18,17,14,34,34
l:22,45,44,25,32,32
LITERAL: 
c:2,15,14,13,28,28
o:22,31,30,39,26,26
m:16,26,25,32,24,24
p:20,41,40,25,47,47
r:21,42,41,27,45,45
e:46,33,32,33,18,18
s:18,27,26,37,41,41
s:16,25,24,35,39,39
i:22,33,32,11,12,12
o:31,40,39,23,35,35
n:27,24,23,31,33,33
LITERAL: 
t:33,29,28,40,29,29
h:10,9,8,11,27,27
a:20,34,33,30,25,25
t:27,23,22,34,23,23
LITERAL: 
s:21,30,29,15,19,19
h:25,24,23,1,17,17
r:16,12,11,22,15,15
i:23,34,33,37,38,38
n:30,27,26,9,11,11
k:22,33,32,37,34,34
s:34,18,17,28,7,7
LITERAL: 
d:29,29,28,28,28,28
a:21,10,34,31,26,26
t:28,24,23,10,24,24
a:42,31,30,27,22,22
LITERAL:,
LITERAL: 
t:20,41,40,27,41,41
h:22,21,20,23,14,14
e:40,27,26,27,12,12
LITERAL: 
c:32,20,19,18,8,8
c:30,18,17,16,6,6
c:28,16,15,14,4,4
LITERAL: 
t:29,25,24,36,25,25
r:24,20,19,30,23,23
a:16,30,29,26,21,21
n:13,10,9,17,19,19
s:19,28,27,13,17,17
l:5,3,27,8,15,15
a:8,22,21,18,38,38
t:15,11,10,22,11,11
e:12,24,23,24,34,34
s:34,18,17,28,7,7
LITERAL: 
r:29,25,24,10,3,3
e:4,16,15,16,26,26
a:44,33,32,29,24,24
l:37,35,34,40,22,22
i:5,16,15,19,20,20
t:22,18,17,4,18,18
y:30,11,10,27,16,16
LITERAL: 
i:22,33,32,11,12,12
n:29,26,25,33,35,35
t:37,33,32,44,33,33
o:27,36,35,19,31,31
LITERAL: 
c:26,14,13,12,2,2
o:21,30,29,13,25,25
o:19,28,27,11,23,23
r:22,18,17,28,21,21
d:45,45,44,44,44,44
i:27,13,12,16,17,17
n:9,6,5,13,15,15
a:8,22,21,18,38,38
t:15,11,10,22,11,11
e:12,24,23,24,34,34
s:34,18,17,28,7,7
LITERAL:.
LITERAL: 
i:11,22,21,25,26,26
t:28,24,23,10,24,24
LITERAL: 
o:16,25,24,33,45,45
p:16,37,36,21,43,43
e:44,31,30,31,16,16
r:15,36,35,21,39,39
a:32,21,20,17,12,12
t:14,35,34,21,35,35
e:36,23,22,23,8,8
s:33,42,41,27,31,31
LITERAL: 
o:23,32,31,15,27,27
n:19,16,15,23,25,25
LITERAL: 
t:25,21,20,32,21,21
h:2,1,25,3,19,19
e:20,32,31,32,42,42
LITERAL: 
p:11,7,6,16,13,13
r:12,8,7,18,11,11
i:19,30,29,33,34,34
n:26,23,22,5,7,7
c:4,17,16,15,30,30
i:13,24,23,27,28,28
p:24,20,19,4,1,1
l:39,37,36,42,24,24
e:0,12,36,12,22,22
LITERAL: 
t:22,18,17,4,18,18
h:24,23,22,25,16,16
a:34,23,22,19,14,14
t:16,37,36,23,37,37
LITERAL: 
i:43,29,28,32,33,33
n:25,22,21,29,31,31
f:9,8,7,9,4,4
o:23,32,31,15,27,27
r:26,22,21,32,25,25
m:40,25,24,31,23,23
a:16,30,29,26,21,21
t:23,19,18,30,19,19
i:27,13,12,16,17,17
o:36,20,19,28,15,15
n:7,4,28,11,13,13
LITERAL: 
i:19,30,29,33,34,34
s:34,18,17,28,7,7
LITERAL: 
n:22,44,43,26,28,28
o:22,31,30,39,26,26
t:28,24,23,10,24,24
LITERAL: 
a:40,29,28,25,20,20
LITERAL: 
p:39,35,34,44,41,41
h:22,21,20,23,14,14
y:26,7,6,23,12,12
s:12,21,20,31,35,35
i:43,29,28,32,33,33
c:30,18,17,16,6,6
a:24,38,37,34,29,29
l:17,15,14,20,27,27
LITERAL: 
o:19,28,27,11,23,23
b:43,44,43,41,21,21
j:5,4,3,7,19,19
e:20,32,31,32,42,42
c:14,27,26,25,40,40
t:17,13,12,24,13,13
LITERAL: 
t:13,9,8,20,9,9
o:28,12,11,20,7,7
LITERAL: 
b:25,26,25,23,28,28
e:4,16,15,16,26,26
LITERAL: 
s:24,8,7,18,22,22
t:24,20,19,6,20,20
o:14,23,22,31,43,43
r:17,38,37,23,41,41
e:42,29,28,29,14,14
d:13,13,12,12,12,12
LITERAL:,
LITERAL: 
b:3,4,3,1,6,6
u:35,43,42,30,29,29
t:31,27,26,38,27,27
LITERAL: 
a:18,32,31,28,23,23
LITERAL: 
l:9,7,6,12,19,19
a:12,26,25,22,42,42
n:9,6,5,13,15,15
d:39,39,38,38,38,38
i:21,32,31,35,36,36
n:28,25,24,7,9,9
g:14,25,24,27,32,32
LITERAL: 
p:26,22,21,6,3,3
o:22,31,30,39,26,26
i:9,20,19,23,24,24
n:41,38,37,45,22,22
t:24,20,19,6,20,20
LITERAL: 
w:26,8,7,22,16,16
i:24,35,34,13,14,14
t:16,37,36,23,37,37
h:18,17,16,19,10,10
i:43,29,28,32,33,33
n:25,22,21,29,31,31
LITERAL: 
a:22,36,35,32,27,27
LITERAL: 
m:40,25,24,31,23,23
a:16,30,29,26,21,21
t:23,19,18,30,19,19
h:25,24,23,1,17,17
e:18,30,29,30,40,40
m:30,15,14,21,13,13
a:6,20,19,16,36,36
t:13,9,8,20,9,9
i:17,28,27,31,32,32
c:4,17,16,15,30,30
a:23,12,11,33,28,28
l:41,39,38,44,26,26
LITERAL: 
c:46,34,33,32,22,22
o:16,25,24,33,45,45
n:37,34,33,41,43,43
s:18,27,26,37,41,41
t:18,39,38,25,39,39
a:32,21,20,17,12,12
n:29,26,25,33,35,35
t:37,33,32,44,33,33
LITERAL:.
LITERAL:

LITERAL:

b:22,23,47,45,25,25
y:37,43,42,34,23,23
LITERAL: 
u:25,33,32,20,19,19
t:21,17,16,28,17,17
i:25,11,10,14,15,15
l:28,26,25,6,13,13
i:21,32,31,35,36,36
LITERAL:z
i:17,28,27,31,32,32
n:24,21,20,3,5,5
g:10,21,20,23,28,28
LITERAL: 
t:28,24,23,10,24,24
h:30,29,28,31,22,22
e:48,35,34,35,20,20
LITERAL: 
LITERAL:1
LITERAL:4
LITERAL:2
LITERAL:8
LITERAL:5
LITERAL:7
LITERAL: 
a:22,36,35,32,27,27
n:19,16,15,23,25,25
d:24,24,48,48,48,48
LITERAL: 
LITERAL:1
LITERAL:4
LITERAL:2
LITERAL:8
LITERAL:5
LITERAL:7
LITERAL:0
LITERAL: 
c:2,15,14,13,28,28
y:15,21,20,12,26,26
c:23,11,35,34,24,24
l:37,35,34,40,22,22
i:5,16,15,19,20,20
c:42,30,29,28,18,18
LITERAL: 
s:16,25,24,35,39,39
t:16,37,36,23,37,37
r:36,32,31,42,35,35
i:43,29,28,32,33,33
n:25,22,21,29,31,31
g:36,22,21,24,29,29
s:29,38,37,23,27,27
LITERAL:,
LITERAL: 
t:25,21,20,32,21,21
h:2,1,25,3,19,19
e:20,32,31,32,42,42
LITERAL: 
c:12,25,24,23,38,38
c:10,23,22,21,36,36
c:8,21,20,19,34,34
LITERAL: 
r:31,27,26,12,5,5
e:6,18,17,18,28,28
p:24,20,19,4,1,1
l:39,37,36,42,24,24
a:42,31,30,27,22,22
c:44,32,31,30,20,20
e:46,33,32,33,18,18
s:18,27,26,37,41,41
LITERAL: 
b:9,10,9,7,12,12
u:16,24,23,36,35,35
l:23,21,20,26,33,33
k:44,30,29,34,31,31
y:18,24,23,40,29,29
LITERAL: 
f:5,4,3,5,25,25
i:33,19,18,22,23,23
l:11,9,8,14,21,21
e:22,34,33,34,44,44
s:19,28,27,13,17,17
LITERAL: 
LITERAL:(
p:9,5,29,14,11,11
d:35,35,34,34,34,34
f:37,36,35,37,32,32
s:32,16,15,26,5,5
LITERAL:,
LITERAL: 
w:34,16,15,30,24,24
o:18,27,26,35,22,22
r:21,42,41,27,45,45
d:19,19,18,18,18,18
LITERAL: 
d:15,15,14,14,14,14
o:8,17,41,25,37,37
c:34,22,21,20,10,10
s:10,19,43,29,33,33
LITERAL:,
LITERAL: 
i:37,23,22,26,27,27
m:42,27,26,33,25,25
a:18,32,31,28,23,23
g:28,14,13,16,21,21
e:22,34,33,34,44,44
s:19,28,27,13,17,17
LITERAL:)
LITERAL: 
w:21,28,27,17,36,36
i:19,30,29,33,34,34
t:11,7,31,18,7,7
h:38,37,36,39,30,30
LITERAL: 
h:34,33,32,35,26,26
i:9,20,19,23,24,24
g:4,15,14,17,22,22
h:28,27,26,29,20,20
LITERAL:-
d:17,17,16,16,16,16
e:42,29,28,29,14,14
n:31,28,27,35,37,37
s:12,21,20,31,35,35
i:43,29,28,32,33,33
t:35,31,30,42,31,31
y:18,24,23,40,29,29
LITERAL: 
LITERAL:"
s:25,34,33,19,23,23
e:24,36,35,36,46,46
t:23,19,18,30,19,19
s:19,28,27,13,17,17
LITERAL: 
o:34,18,17,26,13,13
f:41,40,39,41,36,36
LITERAL: 
n:26,23,22,5,7,7
u:36,19,18,31,30,30
m:20,30,29,36,28,28
b:23,24,23,21,26,26
e:2,14,13,14,24,24
r:23,19,18,4,22,22
LITERAL: 
s:20,29,28,39,43,43
t:20,41,40,27,41,41
r:15,36,35,21,39,39
i:22,33,32,11,12,12
n:29,26,25,33,35,35
g:40,26,25,28,8,8
s:33,42,41,27,31,31
LITERAL:.
LITERAL:"
LITERAL:

LITERAL:

LITERAL:#
LITERAL:#
LITERAL: 
LITERAL:2
LITERAL:.
LITERAL: 
t:13,9,8,20,9,9
e:10,22,21,22,32,32
c:4,17,16,15,30,30
h:36,35,34,37,28,28
n:20,42,41,24,26,26
i:9,20,19,23,24,24
c:46,34,33,32,22,22
a:40,29,28,25,20,20
l:33,31,30,36,18,18
LITERAL: 
a:34,23,22,19,14,14
r:38,34,33,44,37,37
c:34,22,21,20,10,10
h:16,15,14,17,8,8
i:41,27,26,30,31,31
t:33,29,28,40,29,29
e:30,17,16,17,2,2
c:24,37,36,35,25,25
t:27,23,22,34,23,23
u:27,35,34,22,21,21
r:20,16,15,26,19,19
e:20,32,31,32,42,42
LITERAL::
LITERAL: 
t:15,11,10,22,11,11
h:42,41,40,43,34,34
e:10,22,21,22,32,32
LITERAL: 
s:30,14,13,24,28,28
o:22,31,30,39,26,26
v:32,27,26,15,24,24
e:0,12,36,12,22,22
r:21,42,41,27,45,45
e:46,33,32,33,18,18
i:26,37,36,15,16,16
g:46,32,31,34,14,14
n:31,28,27,35,37,37
LITERAL: 
LITERAL:2
LITERAL:7
LITERAL:

t:31,27,26,38,27,27
h:8,7,6,9,25,25
e:26,13,12,13,23,23
LITERAL: 
e:22,34,33,34,44,44
n:11,8,7,15,17,17
g:22,33,32,35,40,40
i:23,34,33,37,38,38
n:30,27,26,9,11,11
e:12,24,23,24,34,34
LITERAL: 
u:36,19,18,31,30,30
t:32,28,27,14,28,28
i:11,22,21,25,26,26
l:39,37,36,42,24,24
i:7,18,17,21,22,22
LITERAL:z
e:46,33,32,33,18,18
s:18,27,26,37,41,41
LITERAL: 
a:32,21,20,17,12,12
LITERAL: 
LITERAL:2
LITERAL:4
LITERAL:-
i:37,23,22,26,27,27
n:19,16,15,23,25,25
LITERAL:-
m:38,23,22,29,21,21
o:40,24,23,32,19,19
t:21,17,16,28,17,17
i:25,11,10,14,15,15
o:34,18,17,26,13,13
n:30,27,26,9,11,11
LITERAL: 
r:33,29,28,14,7,7
o:26,10,9,18,5,5
t:32,28,27,14,28,28
o:22,31,30,39,26,26
r:25,21,20,6,24,24
LITERAL: 
s:22,6,5,16,20,20
y:32,13,12,29,18,18
s:18,27,26,37,41,41
t:18,39,38,25,39,39
e:40,27,26,27,12,12
m:27,37,36,18,35,35
LITERAL: 
e:34,21,20,21,6,6
x:16,35,34,25,29,29
p:25,21,20,30,27,27
a:20,34,33,30,25,25
n:17,14,13,21,23,23
d:47,47,46,46,46,46
e:22,34,33,34,44,44
d:43,43,42,42,42,42
LITERAL: 
b:35,36,35,33,38,38
y:25,31,30,22,36,36
LITERAL: 
t:11,7,31,18,7,7
h:38,37,36,39,30,30
e:6,18,17,18,28,28
LITERAL: 
LITERAL:"
m:14,24,23,30,22,22
a:40,29,28,25,20,20
s:20,29,28,39,43,43
t:20,41,40,27,41,41
e:42,29,28,29,14,14
r:38,34,33,44,37,37
LITERAL: 
LITERAL:Z
e:34,21,20,21,6,6
r:30,26,25,36,29,29
o:23,32,31,15,27,27
LITERAL:"
LITERAL: 
a:16,30,29,26,21,21
n:13,10,9,17,19,19
d:43,43,42,42,42,42
LITERAL: 
LITERAL:"
x:23,17,16,32,36,36
LITERAL:/
LITERAL:Z
LITERAL: 
s:30,14,13,24,28,28
h:34,33,32,35,26,26
i:9,20,19,23,24,24
e:0,12,36,12,22,22
l:35,33,32,38,20,20
d:19,19,18,18,18,18
s:18,27,26,37,41,41
LITERAL:"
LITERAL: 
t:14,35,34,21,35,35
o:29,38,37,21,33,33
LITERAL: 
c:28,16,15,14,4,4
r:28,24,23,34,27,27
e:28,15,14,15,25,25
a:18,32,31,28,23,23
t:25,21,20,32,21,21
e:22,34,33,34,44,44
LITERAL: 
a:10,24,23,20,40,40
LITERAL: 
LITERAL:2
LITERAL:7
LITERAL:-
v:13,8,32,21,30,30
a:23,12,11,33,28,28
r:27,23,22,8,26,26
i:9,20,19,23,24,24
a:42,31,30,27,22,22
b:17,18,17,15,20,20
l:33,31,30,36,18,18
e:44,31,30,31,16,16
LITERAL: 
m:29,39,38,20,37,37
a:30,19,18,15,10,10
t:37,33,32,44,33,33
r:32,28,27,38,31,31
i:39,25,24,28,29,29
x:14,33,32,23,27,27
LITERAL:.
LITERAL:

LITERAL:

LITERAL:#
LITERAL:#
LITERAL:#
LITERAL: 
a:6,20,19,16,36,36
LITERAL:.
LITERAL: 
t:34,30,29,16,30,30
h:36,35,34,37,28,28
e:4,16,15,16,26,26
LITERAL: 
b:19,20,19,17,22,22
r:21,42,41,27,45,45
a:38,27,26,23,18,18
i:26,37,36,15,16,16
d:15,15,14,14,14,14
LITERAL: 
LITERAL:(
c:32,20,19,18,8,8
LITERAL:1
LITERAL: 
LITERAL:&
LITERAL: 
c:22,35,34,33,23,23
LITERAL:2
LITERAL: 
r:18,14,13,24,17,17
o:36,20,19,28,15,15
t:17,13,12,24,13,13
o:32,16,15,24,11,11
r:10,6,30,16,9,9
s:34,18,17,28,7,7
LITERAL:)
LITERAL:

t:30,26,25,12,26,26
h:32,31,30,33,24,24
e:0,12,36,12,22,22
LITERAL: 
a:38,27,26,23,18,18
l:31,29,28,34,16,16
p:37,33,32,42,39,39
h:20,19,18,21,12,12
a:30,19,18,15,10,10
b:5,6,5,3,8,8
e:34,21,20,21,6,6
t:33,29,28,40,29,29
LITERAL: 
a:20,34,33,30,25,25
n:17,14,13,21,23,23
d:47,47,46,46,46,46
LITERAL: 
s:19,28,27,13,17,17
y:29,35,34,26,40,40
m:30,15,14,21,13,13
b:33,34,33,31,36,36
o:30,14,13,22,9,9
l:22,45,44,25,32,32
s:32,16,15,26,5,5
LITERAL: 
a:21,10,34,31,26,26
r:25,21,20,6,24,24
e:0,12,36,12,22,22
LITERAL: 
s:20,29,28,39,43,43
p:39,35,34,44,41,41
l:29,27,26,32,39,39
i:22,33,32,11,12,12
t:14,35,34,21,35,35
LITERAL: 
i:41,27,26,30,31,31
n:23,20,19,27,29,29
t:31,27,26,38,27,27
o:21,30,29,13,25,25
LITERAL: 
LITERAL:"
f:24,48,47,24,44,44
r:18,14,13,24,17,17
a:10,24,23,20,40,40
m:30,15,14,21,13,13
e:14,26,25,26,36,36
LITERAL:"
LITERAL: 
LITERAL:(
c:2,15,14,13,28,28
o:22,31,30,39,26,26
n:18,40,39,22,24,24
s:24,8,7,18,22,22
o:16,25,24,33,45,45
n:37,34,33,41,43,43
a:36,25,24,21,16,16
n:33,30,29,37,39,39
t:16,37,36,23,37,37
s:12,21,20,31,35,35
LITERAL:)
LITERAL: 
a:24,38,37,34,29,29
n:21,18,17,25,27,27
d:1,1,0,0,0,0
LITERAL: 
LITERAL:"
b:41,42,41,39,44,44
r:18,14,13,24,17,17
e:18,30,29,30,40,40
a:8,22,21,18,38,38
t:15,11,10,22,11,11
h:42,41,40,43,34,34
LITERAL:"
LITERAL: 
LITERAL:(
v:34,29,28,17,26,26
o:20,29,28,37,24,24
w:32,14,13,28,22,22
e:48,35,34,35,20,20
l:33,31,30,36,18,18
s:18,27,26,37,41,41
LITERAL:)
LITERAL: 
a:30,19,18,15,10,10
c:32,20,19,18,8,8
r:32,28,27,38,31,31
o:25,34,33,17,29,29
s:29,38,37,23,27,27
s:27,36,35,21,25,25
LITERAL: 
t:25,21,20,32,21,21
w:29,36,35,25,19,19
o:38,22,21,30,17,17
LITERAL: 
s:15,24,23,9,13,13
y:25,31,30,22,36,36
n:28,25,24,7,9,9
c:6,19,18,17,32,32
h:38,37,36,39,30,30
r:29,25,24,10,3,3
o:22,31,30,39,26,26
n:18,40,39,22,24,24
i:7,18,17,21,22,22
LITERAL:z
e:46,33,32,33,18,18
d:17,17,16,16,16,16
LITERAL: 
t:16,37,36,23,37,37
r:36,32,31,42,35,35
a:28,17,16,13,8,8
c:30,18,17,16,6,6
k:42,28,27,32,29,29
s:29,38,37,23,27,27
LITERAL::
LITERAL:

LITERAL:

r:20,16,15,26,19,19
o:38,22,21,30,17,17
t:19,15,14,26,15,15
o:34,18,17,26,13,13
r:12,8,7,18,11,11
LITERAL: 
c:6,19,18,17,32,32
LITERAL:1
LITERAL::
LITERAL: 
LITERAL:1
LITERAL:4
LITERAL:2
LITERAL:8
LITERAL:5
LITERAL:7
LITERAL: 
LITERAL:(
a:28,17,16,13,8,8
e:34,21,20,21,6,6
i:39,25,24,28,29,29
o:23,32,31,15,27,27
u:31,39,38,26,25,25
y:37,43,42,34,23,23
LITERAL:)
LITERAL: 
LITERAL:+
LITERAL: 
LITERAL:1
LITERAL:4
LITERAL:2
LITERAL:8
LITERAL:5
LITERAL:7
LITERAL:0
LITERAL: 
LITERAL:(
b:17,18,17,15,20,20
c:42,30,29,28,18,18
d:17,17,16,16,16,16
f:19,18,17,19,14,14
g:44,30,29,32,12,12
h:18,17,16,19,10,10
LITERAL:Z
LITERAL:)
LITERAL:

LITERAL:

r:26,22,21,32,25,25
o:19,28,27,11,23,23
t:25,21,20,32,21,21
o:40,24,23,32,19,19
r:18,14,13,24,17,17
LITERAL: 
c:12,25,24,23,38,38
LITERAL:2
LITERAL::
LITERAL: 
LITERAL:1
LITERAL:4
LITERAL:2
LITERAL:8
LITERAL:5
LITERAL:7
LITERAL: 
LITERAL:(
j:25,24,23,27,14,14
k:25,36,35,15,37,37
l:25,23,22,28,35,35
m:25,35,34,16,33,33
n:25,22,21,29,31,31
p:27,23,22,32,29,29
LITERAL:)
LITERAL: 
LITERAL:+
LITERAL: 
LITERAL:1
LITERAL:4
LITERAL:2
LITERAL:8
LITERAL:5
LITERAL:7
LITERAL:0
LITERAL: 
LITERAL:(
a:21,10,34,31,26,26
e:2,14,13,14,24,24
i:7,18,17,21,22,22
o:16,25,24,33,45,45
u:24,7,6,19,18,18
y:30,11,10,27,16,16
x:26,20,19,10,14,14
LITERAL:)
LITERAL:

LITERAL:

LITERAL:#
LITERAL:#
LITERAL:#
LITERAL: 
b:45,46,45,43,23,23
LITERAL:.
LITERAL: 
t:21,17,16,28,17,17
h:23,47,46,24,40,40
e:16,28,27,28,38,38
LITERAL: 
x:21,15,14,30,34,34
LITERAL:6
LITERAL: 
f:33,32,31,33,28,28
a:21,10,34,31,26,26
c:23,11,35,34,24,24
t:26,22,21,8,22,22
o:16,25,24,33,45,45
r:19,40,39,25,43,43
LITERAL: 
LITERAL:(
t:16,37,36,23,37,37
h:18,17,16,19,10,10
e:36,23,22,23,8,8
LITERAL: 
m:21,31,30,12,29,29
u:33,41,40,28,27,27
l:15,13,12,18,25,25
t:27,23,22,34,23,23
i:31,17,16,20,21,21
LITERAL:-
p:15,11,10,20,17,17
a:10,24,23,20,40,40
s:15,24,23,9,13,13
s:38,22,21,32,11,11
LITERAL: 
s:34,18,17,28,7,7
w:15,22,21,11,30,30
e:6,18,17,18,28,28
e:4,16,15,16,26,26
p:22,43,42,27,24,24
LITERAL:)
LITERAL:

t:22,18,17,4,18,18
h:24,23,22,25,16,16
e:42,29,28,29,14,14
LITERAL: 
c:34,22,21,20,10,10
c:32,20,19,18,8,8
c:30,18,17,16,6,6
LITERAL: 
d:3,3,2,2,2,2
o:21,30,29,13,25,25
e:26,13,12,13,23,23
s:23,32,31,17,21,21
LITERAL: 
n:11,8,7,15,17,17
o:36,20,19,28,15,15
t:17,13,12,24,13,13
LITERAL: 
LITERAL:"
w:17,24,23,13,32,32
r:31,27,26,12,5,5
i:13,24,23,27,28,28
t:30,26,25,12,26,26
e:2,14,13,14,24,24
LITERAL:"
LITERAL: 
d:19,19,18,18,18,18
a:36,25,24,21,16,16
t:18,39,38,25,39,39
a:32,21,20,17,12,12
LITERAL:.
LITERAL: 
i:41,27,26,30,31,31
t:33,29,28,40,29,29
LITERAL: 
r:26,22,21,32,25,25
u:29,37,36,24,23,23
n:15,12,11,19,21,21
s:21,30,29,15,19,19
LITERAL: 
LITERAL:6
LITERAL: 
c:10,23,22,21,36,36
o:30,14,13,22,9,9
n:26,23,22,5,7,7
c:4,17,16,15,30,30
u:34,17,16,29,28,28
r:27,23,22,8,26,26
r:25,21,20,6,24,24
e:0,12,36,12,22,22
n:39,36,35,43,20,20
t:22,18,17,4,18,18
LITERAL: 
m:6,16,40,22,39,39
u:18,26,25,38,37,37
l:25,23,22,28,35,35
t:37,33,32,44,33,33
i:41,27,26,30,31,31
p:27,23,22,32,29,29
l:17,15,14,20,27,27
i:35,21,20,24,25,25
e:26,13,12,13,23,23
r:22,18,17,28,21,21
LITERAL: 
p:15,11,10,20,17,17
a:10,24,23,20,40,40
s:15,24,23,9,13,13
s:38,22,21,32,11,11
e:12,24,23,24,34,34
s:34,18,17,28,7,7
LITERAL: 
LITERAL:(
x:38,32,31,22,26,26
LITERAL:1
LITERAL: 
t:24,20,19,6,20,20
h:26,25,24,27,18,18
r:17,38,37,23,41,41
o:10,19,18,27,39,39
u:18,26,25,38,37,37
g:42,28,27,30,10,10
h:16,15,14,17,8,8
LITERAL: 
x:16,35,34,25,29,29
LITERAL:6
LITERAL:)
LITERAL: 
t:25,21,20,32,21,21
o:40,24,23,32,19,19
LITERAL: 
f:45,44,43,45,40,40
i:23,34,33,37,38,38
n:30,27,26,9,11,11
d:35,35,34,34,34,34
LITERAL: 
w:15,22,21,11,30,30
h:36,35,34,37,28,28
e:4,16,15,16,26,26
r:25,21,20,6,24,24
e:0,12,36,12,22,22
LITERAL: 
t:22,18,17,4,18,18
h:24,23,22,25,16,16
e:42,29,28,29,14,14
LITERAL: 
f:15,14,13,15,10,10
i:43,29,28,32,33,33
l:21,19,18,24,31,31
e:32,19,18,19,4,4
LITERAL:’
s:27,36,35,21,25,25
LITERAL: 
s:23,32,31,17,21,21
y:33,39,38,30,19,19
l:7,5,4,10,17,17
l:5,3,27,8,15,15
a:8,22,21,18,38,38
b:33,34,33,31,36,36
l:24,22,21,2,9,9
e:10,22,21,22,32,32
s:32,16,15,26,5,5
LITERAL: 
n:20,42,41,24,26,26
a:44,33,32,29,24,24
t:26,22,21,8,22,22
u:26,9,8,21,20,20
r:19,40,39,25,43,43
a:36,25,24,21,16,16
l:29,27,26,32,39,39
l:27,25,24,30,37,37
y:24,5,4,21,10,10
LITERAL: 
a:26,15,14,11,6,6
l:19,17,16,22,29,29
i:37,23,22,26,27,27
g:32,18,17,20,25,25
n:17,14,13,21,23,23
LITERAL: 
w:29,36,35,25,19,19
i:27,13,12,16,17,17
t:19,15,14,26,15,15
h:46,45,44,47,38,38
LITERAL: 
t:13,9,8,20,9,9
h:40,39,38,41,32,32
e:8,20,19,20,30,30
LITERAL: 
LITERAL:1
LITERAL:4
LITERAL:2
LITERAL:8
LITERAL:5
LITERAL:7
LITERAL: 
c:36,24,23,22,12,12
o:31,40,39,23,35,35
n:27,24,23,31,33,33
s:33,42,41,27,31,31
t:33,29,28,40,29,29
a:22,36,35,32,27,27
n:19,16,15,23,25,25
t:27,23,22,34,23,23
LITERAL:.
LITERAL:

LITERAL:

x:27,21,20,36,15,15
LITERAL:1
LITERAL:-
x:21,15,14,30,34,34
LITERAL:3
LITERAL::
LITERAL: 
p:24,20,19,4,1,1
r:25,21,20,6,24,24
i:7,18,17,21,22,22
m:12,22,21,28,20,20
a:38,27,26,23,18,18
r:17,38,37,23,41,41
y:28,9,8,25,14,14
LITERAL: 
a:30,19,18,15,10,10
n:27,24,23,31,33,33
d:7,7,6,6,6,6
LITERAL: 
s:29,38,37,23,27,27
e:28,15,14,15,25,25
c:22,35,34,33,23,23
o:17,26,25,9,21,21
n:13,10,9,17,19,19
d:43,43,42,42,42,42
a:10,24,23,20,40,40
r:14,10,9,20,13,13
y:25,31,30,22,36,36
LITERAL: 
s:34,18,17,28,7,7
t:34,30,29,16,30,30
r:29,25,24,10,3,3
u:32,15,14,27,26,26
c:23,11,35,34,24,24
t:26,22,21,8,22,22
u:26,9,8,21,20,20
r:19,40,39,25,43,43
a:36,25,24,21,16,16
l:29,27,26,32,39,39
LITERAL: 
a:30,19,18,15,10,10
l:23,21,20,26,33,33
i:41,27,26,30,31,31
g:36,22,21,24,29,29
n:21,18,17,25,27,27
m:42,27,26,33,25,25
e:26,13,12,13,23,23
n:15,12,11,19,21,21
t:23,19,18,30,19,19
LITERAL:.
LITERAL:

LITERAL:

x:23,17,16,32,36,36
LITERAL:4
LITERAL:-
x:17,11,10,26,30,30
LITERAL:6
LITERAL::
LITERAL: 
c:46,34,33,32,22,22
o:16,25,24,33,45,45
m:10,20,19,26,18,18
p:39,35,34,44,41,41
l:29,27,26,32,39,39
e:40,27,26,27,12,12
x:22,16,15,6,10,10
LITERAL: 
s:33,42,41,27,31,31
y:18,24,23,40,29,29
l:17,15,14,20,27,27
l:15,13,12,18,25,25
a:18,32,31,28,23,23
b:43,44,43,41,21,21
l:9,7,6,12,19,19
e:20,32,31,32,42,42
LITERAL: 
a:8,22,21,18,38,38
n:30,27,26,9,11,11
d:35,35,34,34,34,34
LITERAL: 
c:4,17,16,15,30,30
r:29,25,24,10,3,3
e:4,16,15,16,26,26
a:44,33,32,29,24,24
t:26,22,21,8,22,22
i:5,16,15,19,20,20
v:26,21,20,9,18,18
e:44,31,30,31,16,16
LITERAL: 
v:20,40,39,28,37,37
a:30,19,18,15,10,10
r:34,30,29,40,33,33
i:41,27,26,30,31,31
a:24,38,37,34,29,29
b:24,25,24,47,27,27
l:15,13,12,18,25,25
e:26,13,12,13,23,23
LITERAL: 
c:18,31,30,29,44,44
a:12,26,25,22,42,42
p:13,9,8,18,15,15
t:17,13,12,24,13,13
u:17,25,24,12,11,11
r:10,6,30,16,9,9
e:10,22,21,22,32,32
LITERAL:.
LITERAL:

LITERAL:

LITERAL:#
LITERAL:#
LITERAL: 
LITERAL:3
LITERAL:.
LITERAL: 
o:8,17,41,25,37,37
p:33,29,28,38,35,35
e:36,23,22,23,8,8
r:32,28,27,38,31,31
a:24,38,37,34,29,29
t:31,27,26,38,27,27
i:35,21,20,24,25,25
o:19,28,27,11,23,23
n:15,12,11,19,21,21
a:14,28,27,24,19,19
l:7,5,4,10,17,17
LITERAL: 
l:28,26,25,6,13,13
o:32,16,15,24,11,11
g:16,27,26,29,34,34
i:17,28,27,31,32,32
c:4,17,16,15,30,30
LITERAL::
LITERAL: 
m:16,26,25,32,24,24
a:42,31,30,27,22,22
p:18,39,38,23,45,45
p:16,37,36,21,43,43
i:26,37,36,15,16,16
n:33,30,29,37,39,39
g:44,30,29,32,12,12
LITERAL: 
t:37,33,32,44,33,33
h:14,13,12,15,31,31
e:32,19,18,19,4,4
LITERAL: 
v:33,28,27,41,25,25
a:18,32,31,28,23,23
c:20,33,32,31,46,46
u:25,33,32,20,19,19
u:23,31,30,18,17,17
m:32,17,16,23,15,15
LITERAL:

t:15,11,10,22,11,11
h:42,41,40,43,34,34
e:10,22,21,22,32,32
LITERAL: 
c:2,15,14,13,28,28
c:25,13,12,36,26,26
c:23,11,35,34,24,24
LITERAL: 
a:40,29,28,25,20,20
c:42,30,29,28,18,18
h:24,23,22,25,16,16
i:24,35,34,13,14,14
e:40,27,26,27,12,12
v:18,38,37,26,35,35
e:36,23,22,23,8,8
s:33,42,41,27,31,31
LITERAL: 
LITERAL:6
LITERAL:0
LITERAL:%
LITERAL: 
p:17,13,12,22,19,19
r:18,14,13,24,17,17
o:36,20,19,28,15,15
s:15,24,23,9,13,13
p:9,5,29,14,11,11
e:12,24,23,24,34,34
r:33,29,28,14,7,7
i:15,26,25,29,30,30
t:32,28,27,14,28,28
y:15,21,20,12,26,26
LITERAL: 
LITERAL:(
a:40,29,28,25,20,20
n:37,34,33,41,43,43
d:17,17,16,16,16,16
LITERAL: 
b:9,10,9,7,12,12
e:38,25,24,25,10,10
y:22,3,2,19,8,8
o:27,36,35,19,31,31
n:23,20,19,27,29,29
d:3,3,2,2,2,2
LITERAL:)
LITERAL: 
b:43,44,43,41,21,21
y:33,39,38,30,19,19
LITERAL: 
s:17,26,25,11,15,15
a:8,22,21,18,38,38
v:19,14,13,27,11,11
i:19,30,29,33,34,34
n:26,23,22,5,7,7
g:12,23,22,25,30,30
LITERAL: 
o:22,31,30,39,26,26
n:18,40,39,22,24,24
l:37,35,34,40,22,22
y:9,15,14,6,20,20
LITERAL: 
t:20,41,40,27,41,41
h:22,21,20,23,14,14
e:40,27,26,27,12,12
LITERAL: 
i:43,29,28,32,33,33
n:25,22,21,29,31,31
s:31,40,39,25,29,29
t:31,27,26,38,27,27
r:26,22,21,32,25,25
u:29,37,36,24,23,23
c:20,33,32,31,46,46
t:23,19,18,30,19,19
i:27,13,12,16,17,17
o:36,20,19,28,15,15
n:7,4,28,11,13,13
s:38,22,21,32,11,11
LITERAL:,
LITERAL: 
n:24,21,20,3,5,5
o:24,8,7,16,3,3
t:30,26,25,12,26,26
LITERAL: 
t:26,22,21,8,22,22
h:28,27,26,29,20,20
e:46,33,32,33,18,18
LITERAL: 
c:38,26,25,24,14,14
o:8,17,41,25,37,37
n:29,26,25,33,35,35
t:37,33,32,44,33,33
e:34,21,20,21,6,6
n:23,20,19,27,29,29
t:31,27,26,38,27,27
LITERAL:.
LITERAL:

LITERAL:

i:29,15,14,18,19,19
n:11,8,7,15,17,17
p:13,9,8,18,15,15
u:19,27,26,14,13,13
t:15,11,10,22,11,11
LITERAL::
LITERAL: 
a:25,14,13,35,30,30
LITERAL: 
f:31,30,29,31,26,26
i:9,20,19,23,24,24
l:37,35,34,40,22,22
e:48,35,34,35,20,20
LITERAL: 
LITERAL:(
e:42,29,28,29,14,14
LITERAL:.
g:42,28,27,30,10,10
LITERAL:.
LITERAL:,
LITERAL: 
a:22,36,35,32,27,27
LITERAL: 
p:21,17,16,26,23,23
d:47,47,46,46,46,46
f:24,48,47,24,44,44
LITERAL:)
LITERAL: 
i:23,34,33,37,38,38
s:38,22,21,32,11,11
LITERAL: 
f:37,36,35,37,32,32
l:20,43,42,23,30,30
a:23,12,11,33,28,28
t:30,26,25,12,26,26
t:28,24,23,10,24,24
e:0,12,36,12,22,22
n:39,36,35,43,20,20
e:46,33,32,33,18,18
d:17,17,16,16,16,16
LITERAL: 
i:22,33,32,11,12,12
n:29,26,25,33,35,35
t:37,33,32,44,33,33
o:27,36,35,19,31,31
LITERAL: 
i:37,23,22,26,27,27
t:29,25,24,36,25,25
s:25,34,33,19,23,23
LITERAL: 
LITERAL:2
LITERAL:7
LITERAL:-
v:21,16,15,29,13,13
a:6,20,19,16,36,36
r:10,6,30,16,9,9
i:17,28,27,31,32,32
a:25,14,13,35,30,30
b:25,26,25,23,28,28
l:41,39,38,44,26,26
e:2,14,13,14,24,24
LITERAL: 
c:44,32,31,30,20,20
o:14,23,22,31,43,43
m:8,18,17,24,41,41
p:37,33,32,42,39,39
o:8,17,41,25,37,37
n:29,26,25,33,35,35
e:36,23,22,23,8,8
n:25,22,21,29,31,31
t:33,29,28,40,29,29
s:29,38,37,23,27,27
LITERAL:.
LITERAL:

LITERAL:

t:23,19,18,30,19,19
h:25,24,23,1,17,17
e:18,30,29,30,40,40
LITERAL: 
s:38,22,21,32,11,11
w:19,26,25,15,34,34
e:10,22,21,22,32,32
e:8,20,19,20,30,30
p:26,22,21,6,3,3
LITERAL::
LITERAL: 
t:26,22,21,8,22,22
h:28,27,26,29,20,20
e:46,33,32,33,18,18
LITERAL: 
e:42,29,28,29,14,14
n:31,28,27,35,37,37
g:42,28,27,30,10,10
i:43,29,28,32,33,33
n:25,22,21,29,31,31
e:32,19,18,19,4,4
LITERAL: 
m:42,27,26,33,25,25
a:18,32,31,28,23,23
r:22,18,17,28,21,21
k:32,18,17,22,19,19
s:19,28,27,13,17,17
LITERAL: 
t:17,13,12,24,13,13
h:44,43,42,45,36,36
e:12,24,23,24,34,34
LITERAL: 
l:20,43,42,23,30,30
a:23,12,11,33,28,28
n:20,42,41,24,26,26
d:25,25,24,24,24,24
i:7,18,17,21,22,22
n:39,36,35,43,20,20
g:25,36,35,13,18,18
LITERAL: 
p:37,33,32,42,39,39
o:8,17,41,25,37,37
i:45,31,30,34,10,10
n:27,24,23,31,33,33
t:35,31,30,42,31,31
s:31,40,39,25,29,29
LITERAL: 
w:35,42,41,31,25,25
h:6,5,4,7,23,23
e:24,36,35,36,46,46
r:20,16,15,26,19,19
e:20,32,31,32,42,42
LITERAL: 
t:17,13,12,24,13,13
h:44,43,42,45,36,36
e:12,24,23,24,34,34
LITERAL: 
d:31,31,30,30,30,30
a:23,12,11,33,28,28
t:30,26,25,12,26,26
a:44,33,32,29,24,24
LITERAL: 
m:12,22,21,28,20,20
a:38,27,26,23,18,18
t:20,41,40,27,41,41
c:38,26,25,24,14,14
h:20,19,18,21,12,12
e:38,25,24,25,10,10
s:10,19,43,29,33,33
LITERAL: 
t:33,29,28,40,29,29
h:10,9,8,11,27,27
e:28,15,14,15,25,25
LITERAL: 
m:38,23,22,29,21,21
u:25,33,32,20,19,19
l:7,5,4,10,17,17
t:19,15,14,26,15,15
i:23,34,33,37,38,38
p:9,5,29,14,11,11
l:24,22,21,2,9,9
i:17,28,27,31,32,32
e:8,20,19,20,30,30
r:29,25,24,10,3,3
LITERAL: 
r:25,21,20,6,24,24
o:18,27,26,35,22,22
t:24,20,19,6,20,20
a:38,27,26,23,18,18
t:20,41,40,27,41,41
i:24,35,34,13,14,14
o:8,17,41,25,37,37
n:29,26,25,33,35,35
s:10,19,43,29,33,33
LITERAL:.
LITERAL:

LITERAL:

t:29,25,24,36,25,25
h:6,5,4,7,23,23
e:24,36,35,36,46,46
LITERAL: 
s:19,28,27,13,17,17
e:18,30,29,30,40,40
t:17,13,12,24,13,13
LITERAL::
LITERAL: 
t:11,7,31,18,7,7
h:38,37,36,39,30,30
e:6,18,17,18,28,28
LITERAL: 
f:29,28,27,29,24,24
i:7,18,17,21,22,22
l:35,33,32,38,20,20
e:46,33,32,33,18,18
LITERAL: 
i:24,35,34,13,14,14
s:14,23,22,33,37,37
LITERAL: 
d:9,9,8,8,8,8
e:34,21,20,21,6,6
l:19,17,16,22,29,29
e:30,17,16,17,2,2
t:29,25,24,36,25,25
e:26,13,12,13,23,23
d:47,47,46,46,46,46
LITERAL: 
a:12,26,25,22,42,42
n:9,6,5,13,15,15
d:39,39,38,38,38,38
LITERAL: 
r:10,6,30,16,9,9
e:10,22,21,22,32,32
p:28,24,23,8,5,5
l:43,41,40,46,28,28
a:21,10,34,31,26,26
c:23,11,35,34,24,24
e:0,12,36,12,22,22
d:21,21,20,20,20,20
LITERAL: 
b:13,14,13,11,16,16
y:28,9,8,25,14,14
LITERAL: 
a:30,19,18,15,10,10
LITERAL: 
c:30,18,17,16,6,6
o:25,34,33,17,29,29
o:23,32,31,15,27,27
r:26,22,21,32,25,25
d:24,24,48,48,48,48
i:31,17,16,20,21,21
n:13,10,9,17,19,19
a:12,26,25,22,42,42
t:19,15,14,26,15,15
e:16,28,27,28,38,38
LITERAL: 
s:36,20,19,30,9,9
t:11,7,31,18,7,7
r:31,27,26,12,5,5
i:13,24,23,27,28,28
n:20,42,41,24,26,26
g:6,17,16,19,24,24
LITERAL::
LITERAL:

LITERAL:

c:40,28,27,26,16,16
c:38,26,25,24,14,14
c:36,24,23,22,12,12
LITERAL:[
s:10,19,43,29,33,33
e:34,21,20,21,6,6
t:33,29,28,40,29,29
LITERAL:-
i:35,21,20,24,25,25
d:24,24,48,48,48,48
LITERAL:]
LITERAL::
LITERAL: 
x:27,21,20,36,15,15
LITERAL:(
m:28,13,12,19,11,11
u:15,23,22,10,9,9
l:22,45,44,25,32,32
t:34,30,29,16,30,30
i:13,24,23,27,28,28
p:24,20,19,4,1,1
l:39,37,36,42,24,24
i:7,18,17,21,22,22
e:48,35,34,35,20,20
r:19,40,39,25,43,43
LITERAL:)
LITERAL:[
t:16,37,36,23,37,37
a:30,19,18,15,10,10
l:23,21,20,26,33,33
l:21,19,18,24,31,31
y:18,24,23,40,29,29
LITERAL:]
LITERAL: 
LITERAL:+
LITERAL: 
LITERAL:[
c:16,29,28,27,42,42
e:18,30,29,30,40,40
n:7,4,28,11,13,13
t:15,11,10,22,11,11
e:12,24,23,24,34,34
r:33,29,28,14,7,7
LITERAL:-
p:26,22,21,6,3,3
a:21,10,34,31,26,26
i:9,20,19,23,24,24
r:23,19,18,4,22,22
LITERAL:]
LITERAL:

LITERAL:

t:18,39,38,25,39,39
h:20,19,18,21,12,12
e:38,25,24,25,10,10
LITERAL: 
u:12,20,44,32,31,31
n:23,20,19,27,29,29
f:7,6,5,7,27,27
o:21,30,29,13,25,25
l:13,11,10,16,23,23
d:47,47,46,46,46,46
LITERAL::
LITERAL: 
t:19,15,14,26,15,15
h:46,45,44,47,38,38
e:14,26,25,26,36,36
LITERAL: 
LITERAL:1
LITERAL:1
LITERAL:-
i:11,22,21,25,26,26
n:18,40,39,22,24,24
t:26,22,21,8,22,22
e:48,35,34,35,20,20
g:25,36,35,13,18,18
e:44,31,30,31,16,16
r:15,36,35,21,39,39
LITERAL: 
s:12,21,20,31,35,35
h:16,15,14,17,8,8
i:41,27,26,30,31,31
e:32,19,18,19,4,4
l:17,15,14,20,27,27
d:1,1,0,0,0,0
LITERAL: 
LITERAL:(
LITERAL:4
LITERAL:8
LITERAL:1
LITERAL:7
LITERAL:3
LITERAL:6
LITERAL:7
LITERAL:5
LITERAL:1
LITERAL:5
LITERAL:4
LITERAL:)
LITERAL: 
u:24,7,6,19,18,18
s:18,27,26,37,41,41
e:42,29,28,29,14,14
s:14,23,22,33,37,37
LITERAL: 
t:37,33,32,44,33,33
h:14,13,12,15,31,31
e:32,19,18,19,4,4
LITERAL: 
LITERAL:1
LITERAL:.
LITERAL:5
LITERAL: 
p:15,11,10,20,17,17
o:36,20,19,28,15,15
w:23,30,29,19,13,13
e:14,26,25,26,36,36
r:10,6,30,16,9,9
LITERAL: 
s:32,16,15,26,5,5
h:36,35,34,37,28,28
i:11,22,21,25,26,26
f:29,28,27,29,24,24
t:26,22,21,8,22,22
LITERAL: 
t:22,18,17,4,18,18
o:12,21,20,29,41,41
LITERAL: 
r:38,34,33,44,37,37
e:38,25,24,25,10,10
LITERAL:-
m:23,33,32,14,31,31
a:24,38,37,34,29,29
t:31,27,26,38,27,27
e:28,15,14,15,25,25
r:24,20,19,30,23,23
i:31,17,16,20,21,21
a:14,28,27,24,19,19
l:7,5,4,10,17,17
i:25,11,10,14,15,15
LITERAL:z
e:14,26,25,26,36,36
LITERAL: 
t:11,7,31,18,7,7
h:38,37,36,39,30,30
e:6,18,17,18,28,28
LITERAL: 
s:26,10,9,20,24,24
y:11,17,16,8,22,22
l:35,33,32,38,20,20
l:33,31,30,36,18,18
a:36,25,24,21,16,16
b:11,12,11,9,14,14
l:27,25,24,30,37,37
e:38,25,24,25,10,10
s:10,19,43,29,33,33
LITERAL: 
f:9,8,7,9,4,4
r:28,24,23,34,27,27
o:21,30,29,13,25,25
m:40,25,24,31,23,23
LITERAL: 
t:23,19,18,30,19,19
h:25,24,23,1,17,17
e:18,30,29,30,40,40
LITERAL: 
c:10,23,22,21,36,36
o:30,14,13,22,9,9
o:28,12,11,20,7,7
r:31,27,26,12,5,5
d:29,29,28,28,28,28
i:11,22,21,25,26,26
n:18,40,39,22,24,24
a:42,31,30,27,22,22
t:24,20,19,6,20,20
e:46,33,32,33,18,18
s:18,27,26,37,41,41
LITERAL:.
LITERAL:

LITERAL:

LITERAL:#
LITERAL:#
LITERAL: 
LITERAL:4
LITERAL:.
LITERAL: 
c:20,33,32,31,46,46
o:40,24,23,32,19,19
m:34,19,18,25,17,17
m:32,17,16,23,15,15
u:19,27,26,14,13,13
n:30,27,26,9,11,11
i:19,30,29,33,34,34
t:11,7,31,18,7,7
y:19,25,24,16,30,30
LITERAL: 
p:24,20,19,4,1,1
r:25,21,20,6,24,24
o:18,27,26,35,22,22
s:22,6,5,16,20,20
p:16,37,36,21,43,43
e:44,31,30,31,16,16
r:15,36,35,21,39,39
i:22,33,32,11,12,12
t:14,35,34,21,35,35
y:22,3,2,19,8,8
LITERAL: 
LITERAL:&
LITERAL: 
s:27,36,35,21,25,25
e:26,13,12,13,23,23
c:20,33,32,31,46,46
u:25,33,32,20,19,19
r:18,14,13,24,17,17
i:25,11,10,14,15,15
t:17,13,12,24,13,13
y:25,31,30,22,36,36
LITERAL:

t:11,7,31,18,7,7
h:38,37,36,39,30,30
i:13,24,23,27,28,28
s:28,12,11,22,26,26
LITERAL: 
p:20,41,40,25,47,47
r:21,42,41,27,45,45
o:14,23,22,31,43,43
j:27,26,25,29,16,16
e:42,29,28,29,14,14
c:36,24,23,22,12,12
t:14,35,34,21,35,35
LITERAL: 
i:41,27,26,30,31,31
s:31,40,39,25,29,29
LITERAL: 
b:22,23,47,45,25,25
u:29,37,36,24,23,23
i:31,17,16,20,21,21
l:9,7,6,12,19,19
t:21,17,16,28,17,17
LITERAL: 
w:23,30,29,19,13,13
i:21,32,31,35,36,36
t:13,9,8,20,9,9
h:40,39,38,41,32,32
LITERAL: 
t:32,28,27,14,28,28
h:34,33,32,35,26,26
e:2,14,13,14,24,24
LITERAL: 
p:18,39,38,23,45,45
r:19,40,39,25,43,43
o:12,21,20,29,41,41
s:16,25,24,35,39,39
p:35,31,30,40,37,37
e:38,25,24,25,10,10
r:34,30,29,40,33,33
i:41,27,26,30,31,31
t:33,29,28,40,29,29
y:16,22,46,38,27,27
LITERAL: 
o:19,28,27,11,23,23
f:1,0,24,1,21,21
LITERAL: 
t:21,17,16,28,17,17
h:23,47,46,24,40,40
e:16,28,27,28,38,38
LITERAL: 
c:8,21,20,19,34,34
o:28,12,11,20,7,7
m:22,32,31,38,30,30
m:20,30,29,36,28,28
u:32,15,14,27,26,26
n:18,40,39,22,24,24
i:7,18,17,21,22,22
t:24,20,19,6,20,20
y:32,13,12,29,18,18
LITERAL: 
a:34,23,22,19,14,14
s:14,23,22,33,37,37
LITERAL: 
t:37,33,32,44,33,33
h:14,13,12,15,31,31
e:32,19,18,19,4,4
LITERAL: 
g:32,18,17,20,25,25
u:29,37,36,24,23,23
i:31,17,16,20,21,21
d:45,45,44,44,44,44
i:27,13,12,16,17,17
n:9,6,5,13,15,15
g:20,31,30,33,38,38
LITERAL: 
v:17,12,11,25,34,34
a:27,16,15,37,32,32
r:31,27,26,12,5,5
i:13,24,23,27,28,28
a:21,10,34,31,26,26
b:21,22,21,19,24,24
l:37,35,34,40,22,22
e:48,35,34,35,20,20
LITERAL:.
LITERAL:

LITERAL:

t:16,37,36,23,37,37
h:18,17,16,19,10,10
e:36,23,22,23,8,8
LITERAL: 
e:32,19,18,19,4,4
n:21,18,17,25,27,27
v:33,28,27,41,25,25
y:37,43,42,34,23,23
LITERAL: 
s:21,30,29,15,19,19
h:25,24,23,1,17,17
i:25,11,10,14,15,15
e:16,28,27,28,38,38
l:26,24,23,4,11,11
d:35,35,34,34,34,34
LITERAL::
LITERAL: 
b:25,26,25,23,28,28
e:4,16,15,16,26,26
c:23,11,35,34,24,24
a:42,31,30,27,22,22
u:26,9,8,21,20,20
s:20,29,28,39,43,43
e:44,31,30,31,16,16
LITERAL: 
t:16,37,36,23,37,37
h:18,17,16,19,10,10
e:36,23,22,23,8,8
LITERAL: 
r:30,26,25,36,29,29
e:30,17,16,17,2,2
p:23,19,18,28,25,25
o:19,28,27,11,23,23
s:23,32,31,17,21,21
i:29,15,14,18,19,19
t:21,17,16,28,17,17
o:36,20,19,28,15,15
r:14,10,9,20,13,13
y:25,31,30,22,36,36
LITERAL: 
o:28,12,11,20,7,7
n:24,21,20,3,5,5
l:43,41,40,46,28,28
y:15,21,20,12,26,26
LITERAL: 
c:46,34,33,32,22,22
o:16,25,24,33,45,45
n:37,34,33,41,43,43
t:20,41,40,27,41,41
a:34,23,22,19,14,14
i:22,33,32,11,12,12
n:29,26,25,33,35,35
s:10,19,43,29,33,33
LITERAL: 
LITERAL:"
s:29,38,37,23,27,27
e:28,15,14,15,25,25
t:27,23,22,34,23,23
s:23,32,31,17,21,21
LITERAL: 
o:38,22,21,30,17,17
f:45,44,43,45,40,40
LITERAL: 
n:30,27,26,9,11,11
u:15,23,22,10,9,9
m:24,9,8,15,7,7
b:27,28,27,25,30,30
e:6,18,17,18,28,28
r:27,23,22,8,26,26
LITERAL: 
s:24,8,7,18,22,22
t:24,20,19,6,20,20
r:19,40,39,25,43,43
i:26,37,36,15,16,16
n:33,30,29,37,39,39
g:44,30,29,32,12,12
s:12,21,20,31,35,35
LITERAL:,
LITERAL:"
LITERAL: 
t:31,27,26,38,27,27
h:8,7,6,9,25,25
e:26,13,12,13,23,23
LITERAL: 
d:45,45,44,44,44,44
a:12,26,25,22,42,42
t:19,15,14,26,15,15
a:8,22,21,18,38,38
LITERAL: 
i:19,30,29,33,34,34
s:34,18,17,28,7,7
LITERAL: 
i:13,24,23,27,28,28
n:20,42,41,24,26,26
v:32,27,26,15,24,24
i:7,18,17,21,22,22
s:22,6,5,16,20,20
i:3,14,38,17,18,18
b:13,14,13,11,16,16
l:29,27,26,32,39,39
e:40,27,26,27,12,12
LITERAL: 
t:37,33,32,44,33,33
o:27,36,35,19,31,31
LITERAL: 
t:31,27,26,38,27,27
h:8,7,6,9,25,25
o:19,28,27,11,23,23
s:23,32,31,17,21,21
e:22,34,33,34,44,44
LITERAL: 
w:25,32,31,21,15,15
h:46,45,44,47,38,38
o:32,16,15,24,11,11
LITERAL: 
l:22,45,44,25,32,32
a:25,14,13,35,30,30
c:2,15,14,13,28,28
k:14,25,24,29,26,26
LITERAL: 
t:26,22,21,8,22,22
h:28,27,26,29,20,20
e:46,33,32,33,18,18
LITERAL: 
c:38,26,25,24,14,14
r:38,34,33,44,37,37
e:38,25,24,25,10,10
a:28,17,16,13,8,8
t:35,31,30,42,31,31
i:39,25,24,28,29,29
v:35,30,29,43,27,27
e:28,15,14,15,25,25
LITERAL: 
s:23,32,31,17,21,21
k:32,18,17,22,19,19
i:27,13,12,16,17,17
l:5,3,27,8,15,15
l:28,26,25,6,13,13
LITERAL: 
o:30,14,13,22,9,9
r:33,29,28,14,7,7
LITERAL: 
t:32,28,27,14,28,28
h:34,33,32,35,26,26
e:2,14,13,14,24,24
LITERAL: 
c:44,32,31,30,20,20
c:42,30,29,28,18,18
c:40,28,27,26,16,16
LITERAL: 
k:25,36,35,15,37,37
e:38,25,24,25,10,10
y:22,3,2,19,8,8
LITERAL:.
LITERAL: 
t:31,27,26,38,27,27
h:8,7,6,9,25,25
i:33,19,18,22,23,23
s:23,32,31,17,21,21
LITERAL: 
p:15,11,10,20,17,17
r:16,12,11,22,15,15
o:34,18,17,26,13,13
t:15,11,10,22,11,11
e:12,24,23,24,34,34
c:6,19,18,17,32,32
t:34,30,29,16,30,30
s:30,14,13,24,28,28
LITERAL: 
t:28,24,23,10,24,24
h:30,29,28,31,22,22
e:48,35,34,35,20,20
LITERAL: 
i:26,37,36,15,16,16
n:33,30,29,37,39,39
n:31,28,27,35,37,37
o:31,40,39,23,35,35
v:16,36,35,24,33,33
a:26,15,14,11,6,6
t:33,29,28,40,29,29
i:37,23,22,26,27,27
o:21,30,29,13,25,25
n:17,14,13,21,23,23
LITERAL: 
l:9,7,6,12,19,19
e:20,32,31,32,42,42
a:10,24,23,20,40,40
d:39,39,38,38,38,38
e:14,26,25,26,36,36
r:10,6,30,16,9,9
LITERAL: 
f:35,34,33,35,30,30
r:29,25,24,10,3,3
o:22,31,30,39,26,26
m:16,26,25,32,24,24
LITERAL: 
t:24,20,19,6,20,20
h:26,25,24,27,18,18
e:44,31,30,31,16,16
LITERAL: 
LITERAL:"
c:34,22,21,20,10,10
r:34,30,29,40,33,33
u:12,20,44,32,31,31
e:32,19,18,19,4,4
l:17,15,14,20,27,27
t:29,25,24,36,25,25
y:37,43,42,34,23,23
LITERAL: 
o:40,24,23,32,19,19
f:47,46,45,47,42,42
LITERAL: 
e:16,28,27,28,38,38
n:30,27,26,9,11,11
v:17,12,11,25,34,34
y:21,27,26,18,32,32
LITERAL:.
LITERAL:"
LITERAL:

LITERAL:

f:27,26,25,27,22,22
i:5,16,15,19,20,20
n:37,34,33,41,43,43
a:36,25,24,21,16,16
n:33,30,29,37,39,39
c:36,24,23,22,12,12
i:45,31,30,34,10,10
a:28,17,16,13,8,8
l:21,19,18,24,31,31
LITERAL: 
s:29,38,37,23,27,27
o:21,30,29,13,25,25
v:31,26,25,39,23,23
e:24,36,35,36,46,46
r:20,16,15,26,19,19
e:20,32,31,32,42,42
i:25,11,10,14,15,15
g:20,31,30,33,38,38
n:30,27,26,9,11,11
t:13,9,8,20,9,9
y:21,27,26,18,32,32
LITERAL::
LITERAL: 
t:30,26,25,12,26,26
h:32,31,30,33,24,24
e:0,12,36,12,22,22
LITERAL: 
s:20,29,28,39,43,43
y:30,11,10,27,16,16
s:16,25,24,35,39,39
t:16,37,36,23,37,37
e:38,25,24,25,10,10
m:25,35,34,16,33,33
LITERAL: 
i:39,25,24,28,29,29
s:29,38,37,23,27,27
LITERAL: 
d:24,24,48,48,48,48
e:24,36,35,36,46,46
s:21,30,29,15,19,19
i:27,13,12,16,17,17
g:22,33,32,35,40,40
n:7,4,28,11,13,13
e:14,26,25,26,36,36
d:35,35,34,34,34,34
LITERAL: 
t:34,30,29,16,30,30
o:24,8,7,16,3,3
LITERAL: 
h:32,31,30,33,24,24
a:42,31,30,27,22,22
n:39,36,35,43,20,20
d:19,19,18,18,18,18
l:31,29,28,34,16,16
e:42,29,28,29,14,14
LITERAL: 
f:15,14,13,15,10,10
i:43,29,28,32,33,33
n:25,22,21,29,31,31
a:24,38,37,34,29,29
n:21,18,17,25,27,27
c:24,37,36,35,25,25
i:33,19,18,22,23,23
a:16,30,29,26,21,21
l:9,7,6,12,19,19
LITERAL: 
i:25,11,10,14,15,15
n:7,4,28,11,13,13
c:10,23,22,21,36,36
o:30,14,13,22,9,9
m:24,9,8,15,7,7
e:8,20,19,20,30,30
LITERAL: 
a:21,10,34,31,26,26
u:30,13,12,25,24,24
t:26,22,21,8,22,22
o:16,25,24,33,45,45
n:37,34,33,41,43,43
o:12,21,20,29,41,41
m:6,16,40,22,39,39
o:8,17,41,25,37,37
u:16,24,23,36,35,35
s:10,19,43,29,33,33
l:21,19,18,24,31,31
y:18,24,23,40,29,29
LITERAL:,
LITERAL: 
e:26,13,12,13,23,23
n:15,12,11,19,21,21
s:21,30,29,15,19,19
u:23,31,30,18,17,17
r:16,12,11,22,15,15
i:23,34,33,37,38,38
n:30,27,26,9,11,11
g:16,27,26,29,34,34
LITERAL: 
t:34,30,29,16,30,30
h:36,35,34,37,28,28
e:4,16,15,16,26,26
LITERAL: 
LITERAL:1
LITERAL:0
LITERAL:%
LITERAL: 
p:37,33,32,42,39,39
r:38,34,33,44,37,37
o:31,40,39,23,35,35
f:13,12,11,13,8,8
i:41,27,26,30,31,31
t:33,29,28,40,29,29
LITERAL: 
i:35,21,20,24,25,25
s:25,34,33,19,23,23
LITERAL: 
s:21,30,29,15,19,19
e:20,32,31,32,42,42
c:14,27,26,25,40,40
u:19,27,26,14,13,13
r:12,8,7,18,11,11
e:12,24,23,24,34,34
d:33,33,32,32,32,32
LITERAL: 
i:13,24,23,27,28,28
n:20,42,41,24,26,26
LITERAL: 
t:26,22,21,8,22,22
h:28,27,26,29,20,20
e:46,33,32,33,18,18
LITERAL: 
LITERAL:2
LITERAL:7
t:14,35,34,21,35,35
h:16,15,14,17,8,8
LITERAL: 
s:31,40,39,25,29,29
l:17,15,14,20,27,27
o:21,30,29,13,25,25
t:27,23,22,34,23,23
LITERAL: 
LITERAL:(
t:21,17,16,28,17,17
h:23,47,46,24,40,40
e:16,28,27,28,38,38
LITERAL: 
LITERAL:Z
e:10,22,21,22,32,32
r:31,27,26,12,5,5
o:24,8,7,16,3,3
LITERAL: 
p:22,43,42,27,24,24
i:7,18,17,21,22,22
v:28,23,22,11,20,20
o:14,23,22,31,43,43
t:20,41,40,27,41,41
LITERAL:)
LITERAL:.
LITERAL:

LITERAL:

v:14,34,33,22,31,31
a:24,38,37,34,29,29
r:28,24,23,34,27,27
i:35,21,20,24,25,25
a:18,32,31,28,23,23
b:43,44,43,41,21,21
l:9,7,6,12,19,19
e:20,32,31,32,42,42
LITERAL: 
s:15,24,23,9,13,13
a:6,20,19,16,36,36
f:39,38,37,39,34,34
e:10,22,21,22,32,32
t:34,30,29,16,30,30
y:17,23,22,14,28,28
LITERAL::
LITERAL: 
t:26,22,21,8,22,22
h:28,27,26,29,20,20
e:46,33,32,33,18,18
LITERAL: 
c:38,26,25,24,14,14
c:36,24,23,22,12,12
c:34,22,21,20,10,10
LITERAL: 
i:41,27,26,30,31,31
s:31,40,39,25,29,29
LITERAL: 
l:15,13,12,18,25,25
a:18,32,31,28,23,23
n:15,12,11,19,21,21
g:26,12,11,14,19,19
u:23,31,30,18,17,17
a:10,24,23,20,40,40
g:20,31,30,33,38,38
e:14,26,25,26,36,36
LITERAL:-
a:27,16,15,37,32,32
g:12,23,22,25,30,30
n:22,44,43,26,28,28
o:22,31,30,39,26,26
s:26,10,9,20,24,24
t:26,22,21,8,22,22
i:5,16,15,19,20,20
c:42,30,29,28,18,18
LITERAL: 
a:34,23,22,19,14,14
n:31,28,27,35,37,37
d:11,11,10,10,10,10
LITERAL: 
n:25,22,21,29,31,31
o:25,34,33,17,29,29
n:21,18,17,25,27,27
LITERAL:-
d:24,24,48,48,48,48
i:31,17,16,20,21,21
s:21,30,29,15,19,19
c:16,29,28,27,42,42
r:16,12,11,22,15,15
i:23,34,33,37,38,38
m:28,13,12,19,11,11
i:19,30,29,33,34,34
n:26,23,22,5,7,7
a:25,14,13,35,30,30
t:32,28,27,14,28,28
o:22,31,30,39,26,26
r:25,21,20,6,24,24
y:11,17,16,8,22,22
LITERAL:.
LITERAL: 
i:26,37,36,15,16,16
t:18,39,38,25,39,39
LITERAL: 
p:33,29,28,38,35,35
r:34,30,29,40,33,33
o:27,36,35,19,31,31
v:12,32,31,20,29,29
i:37,23,22,26,27,27
d:1,1,0,0,0,0
e:26,13,12,13,23,23
s:23,32,31,17,21,21
LITERAL: 
a:12,26,25,22,42,42
LITERAL: 
LITERAL:"
p:9,5,29,14,11,11
r:10,6,30,16,9,9
o:28,12,11,20,7,7
s:32,16,15,26,5,5
p:26,22,21,6,3,3
e:4,16,15,16,26,26
r:25,21,20,6,24,24
i:7,18,17,21,22,22
t:24,20,19,6,20,20
y:32,13,12,29,18,18
LITERAL: 
b:11,12,11,9,14,14
r:38,34,33,44,37,37
i:45,31,30,34,10,10
d:9,9,8,8,8,8
g:38,24,23,26,6,6
e:32,19,18,19,4,4
LITERAL:"
LITERAL: 
f:3,2,1,3,23,23
o:17,26,25,9,21,21
r:20,16,15,26,19,19
LITERAL: 
a:10,24,23,20,40,40
l:28,26,25,6,13,13
l:26,24,23,4,11,11
LITERAL: 
a:27,16,15,37,32,32
s:32,16,15,26,5,5
p:26,22,21,6,3,3
e:4,16,15,16,26,26
c:23,11,35,34,24,24
t:26,22,21,8,22,22
s:22,6,5,16,20,20
LITERAL: 
o:12,21,20,29,41,41
f:19,18,17,19,14,14
LITERAL: 
t:14,35,34,21,35,35
h:16,15,14,17,8,8
e:34,21,20,21,6,6
LITERAL: 
c:26,14,13,12,2,2
o:21,30,29,13,25,25
m:40,25,24,31,23,23
m:38,23,22,29,21,21
u:25,33,32,20,19,19
n:11,8,7,15,17,17
i:25,11,10,14,15,15
t:17,13,12,24,13,13
y:25,31,30,22,36,36
LITERAL:.
LITERAL:

LITERAL:

LITERAL:#
LITERAL:#
LITERAL: 
LITERAL:5
LITERAL:.
LITERAL: 
r:17,38,37,23,41,41
e:42,29,28,29,14,14
p:35,31,30,40,37,37
o:31,40,39,23,35,35
s:10,19,43,29,33,33
i:41,27,26,30,31,31
t:33,29,28,40,29,29
o:23,32,31,15,27,27
r:26,22,21,32,25,25
y:37,43,42,34,23,23
LITERAL: 
s:21,30,29,15,19,19
t:21,17,16,28,17,17
r:16,12,11,22,15,15
u:19,27,26,14,13,13
c:10,23,22,21,36,36
t:13,9,8,20,9,9
u:13,21,20,8,32,32
r:31,27,26,12,5,5
e:6,18,17,18,28,28
LITERAL:

LITERAL:/
c:46,34,33,32,22,22
o:16,25,24,33,45,45
r:19,40,39,25,43,43
e:44,31,30,31,16,16
LITERAL::
LITERAL: 
t:14,35,34,21,35,35
h:16,15,14,17,8,8
e:34,21,20,21,6,6
LITERAL: 
LITERAL:1
LITERAL:4
LITERAL:2
LITERAL:8
LITERAL:5
LITERAL:7
LITERAL:/
LITERAL:1
LITERAL:4
LITERAL:2
LITERAL:8
LITERAL:5
LITERAL:7
LITERAL:0
LITERAL: 
c:46,34,33,32,22,22
o:16,25,24,33,45,45
n:37,34,33,41,43,43
s:18,27,26,37,41,41
t:18,39,38,25,39,39
a:32,21,20,17,12,12
n:29,26,25,33,35,35
t:37,33,32,44,33,33
LITERAL: 
s:31,40,39,25,29,29
t:31,27,26,38,27,27
r:26,22,21,32,25,25
i:33,19,18,22,23,23
n:15,12,11,19,21,21
g:26,12,11,14,19,19
s:19,28,27,13,17,17
LITERAL:.
LITERAL:

LITERAL:

LITERAL:/
s:34,18,17,28,7,7
w:15,22,21,11,30,30
e:6,18,17,18,28,28
e:4,16,15,16,26,26
p:22,43,42,27,24,24
e:0,12,36,12,22,22
r:21,42,41,27,45,45
LITERAL::
LITERAL: 
t:18,39,38,25,39,39
h:20,19,18,21,12,12
e:38,25,24,25,10,10
LITERAL: 
x:18,37,36,27,31,31
LITERAL:1
LITERAL:-
x:12,31,30,21,25,25
LITERAL:6
LITERAL: 
m:36,21,20,27,19,19
u:23,31,30,18,17,17
l:5,3,27,8,15,15
t:17,13,12,24,13,13
i:21,32,31,35,36,36
p:32,28,27,12,9,9
l:22,45,44,25,32,32
i:15,26,25,29,30,30
e:6,18,17,18,28,28
r:27,23,22,8,26,26
LITERAL: 
l:37,35,34,40,22,22
o:16,25,24,33,45,45
g:25,36,35,13,18,18
i:26,37,36,15,16,16
c:38,26,25,24,14,14
LITERAL:.
LITERAL:

LITERAL:

LITERAL:/
a:24,38,37,34,29,29
r:28,24,23,34,27,27
c:24,37,36,35,25,25
h:6,5,4,7,23,23
i:31,17,16,20,21,21
v:27,22,21,35,19,19
e:20,32,31,32,42,42
LITERAL::
LITERAL: 
t:15,11,10,22,11,11
h:42,41,40,43,34,34
e:10,22,21,22,32,32
LITERAL: 
c:2,15,14,13,28,28
o:22,31,30,39,26,26
o:20,29,28,37,24,24
r:23,19,18,4,22,22
d:21,21,20,20,20,20
i:3,14,38,17,18,18
n:35,32,31,39,41,41
a:34,23,22,19,14,14
t:16,37,36,23,37,37
e:38,25,24,25,10,10
LITERAL:-
b:3,4,3,1,6,6
a:24,38,37,34,29,29
s:29,38,37,23,27,27
e:28,15,14,15,25,25
d:24,24,48,48,48,48
LITERAL: 
LITERAL:"
l:7,5,4,10,17,17
a:10,24,23,20,40,40
n:7,4,28,11,13,13
d:37,37,36,36,36,36
i:19,30,29,33,34,34
n:26,23,22,5,7,7
g:12,23,22,25,30,30
LITERAL: 
p:24,20,19,4,1,1
o:20,29,28,37,24,24
i:7,18,17,21,22,22
n:39,36,35,43,20,20
t:22,18,17,4,18,18
LITERAL:"
LITERAL: 
l:27,25,24,30,37,37
e:38,25,24,25,10,10
d:9,9,8,8,8,8
g:38,24,23,26,6,6
e:32,19,18,19,4,4
r:28,24,23,34,27,27
s:27,36,35,21,25,25
LITERAL:.
LITERAL:

LITERAL:

LITERAL:/
k:28,14,13,18,15,15
e:16,28,27,28,38,38
y:25,31,30,22,36,36
LITERAL::
LITERAL: 
t:34,30,29,16,30,30
h:36,35,34,37,28,28
e:4,16,15,16,26,26
LITERAL: 
LITERAL:1
LITERAL:.
LITERAL:5
LITERAL: 
p:37,33,32,42,39,39
o:8,17,41,25,37,37
w:20,27,26,41,35,35
e:36,23,22,23,8,8
r:32,28,27,38,31,31
LITERAL: 
s:29,38,37,23,27,27
h:8,7,6,9,25,25
i:33,19,18,22,23,23
f:1,0,24,1,21,21
t:23,19,18,30,19,19
LITERAL: 
a:10,24,23,20,40,40
n:7,4,28,11,13,13
d:37,37,36,36,36,36
LITERAL: 
LITERAL:1
LITERAL:1
LITERAL:-
i:11,22,21,25,26,26
n:18,40,39,22,24,24
t:26,22,21,8,22,22
e:48,35,34,35,20,20
g:25,36,35,13,18,18
e:44,31,30,31,16,16
r:15,36,35,21,39,39
LITERAL: 
s:12,21,20,31,35,35
h:16,15,14,17,8,8
i:41,27,26,30,31,31
e:32,19,18,19,4,4
l:17,15,14,20,27,27
d:1,1,0,0,0,0
LITERAL:.
LITERAL:

LITERAL:

t:21,17,16,28,17,17
h:23,47,46,24,40,40
e:16,28,27,28,38,38
LITERAL: 
s:36,20,19,30,9,9
t:11,7,31,18,7,7
a:25,14,13,35,30,30
n:22,44,43,26,28,28
d:27,27,26,26,26,26
LITERAL::
LITERAL: 
LITERAL:"
t:22,18,17,4,18,18
h:24,23,22,25,16,16
e:42,29,28,29,14,14
LITERAL: 
s:12,21,20,31,35,35
c:32,20,19,18,8,8
i:41,27,26,30,31,31
e:32,19,18,19,4,4
n:21,18,17,25,27,27
c:24,37,36,35,25,25
e:26,13,12,13,23,23
LITERAL: 
o:40,24,23,32,19,19
f:47,46,45,47,42,42
LITERAL: 
p:11,7,6,16,13,13
e:14,26,25,26,36,36
r:10,6,30,16,9,9
c:6,19,18,17,32,32
e:8,20,19,20,30,30
p:26,22,21,6,3,3
t:30,26,25,12,26,26
i:9,20,19,23,24,24
o:18,27,26,35,22,22
n:39,36,35,43,20,20
LITERAL: 
i:26,37,36,15,16,16
s:16,25,24,35,39,39
LITERAL: 
r:36,32,31,42,35,35
e:36,23,22,23,8,8
l:21,19,18,24,31,31
i:39,25,24,28,29,29
a:22,36,35,32,27,27
n:19,16,15,23,25,25
t:27,23,22,34,23,23
LITERAL: 
o:40,24,23,32,19,19
n:11,8,7,15,17,17
LITERAL: 
t:17,13,12,24,13,13
h:44,43,42,45,36,36
e:12,24,23,24,34,34
LITERAL: 
p:28,24,23,8,5,5
e:6,18,17,18,28,28
r:27,23,22,8,26,26
c:23,11,35,34,24,24
e:0,12,36,12,22,22
p:18,39,38,23,45,45
t:22,18,17,4,18,18
i:26,37,36,15,16,16
o:10,19,18,27,39,39
n:31,28,27,35,37,37
LITERAL: 
o:29,38,37,21,33,33
f:11,10,9,11,6,6
LITERAL: 
s:29,38,37,23,27,27
c:24,37,36,35,25,25
i:33,19,18,22,23,23
e:24,36,35,36,46,46
n:13,10,9,17,19,19
c:16,29,28,27,42,42
e:18,30,29,30,40,40
LITERAL: 
a:6,20,19,16,36,36
n:28,25,24,7,9,9
d:33,33,32,32,32,32
LITERAL: 
i:13,24,23,27,28,28
n:20,42,41,24,26,26
LITERAL: 
t:26,22,21,8,22,22
h:28,27,26,29,20,20
a:38,27,26,23,18,18
t:20,41,40,27,41,41
LITERAL: 
m:29,39,38,20,37,37
u:16,24,23,36,35,35
s:10,19,43,29,33,33
t:35,31,30,42,31,31
LITERAL: 
b:24,25,24,47,27,27
e:28,15,14,15,25,25
LITERAL: 
p:19,15,14,24,21,21
o:40,24,23,32,19,19
s:19,28,27,13,17,17
s:17,26,25,11,15,15
i:23,34,33,37,38,38
b:33,34,33,31,36,36
i:19,30,29,33,34,34
l:22,45,44,25,32,32
i:15,26,25,29,30,30
t:32,28,27,14,28,28
y:15,21,20,12,26,26
LITERAL: 
o:18,27,26,35,22,22
p:18,39,38,23,45,45
e:46,33,32,33,18,18
n:35,32,31,39,41,41
LITERAL: 
t:16,37,36,23,37,37
o:31,40,39,23,35,35
LITERAL: 
p:29,25,24,34,31,31
r:30,26,25,36,29,29
o:23,32,31,15,27,27
b:22,23,47,45,25,25
a:18,32,31,28,23,23
b:43,44,43,41,21,21
i:29,15,14,18,19,19
l:7,5,4,10,17,17
i:25,11,10,14,15,15
t:17,13,12,24,13,13
i:21,32,31,35,36,36
e:12,24,23,24,34,34
s:34,18,17,28,7,7
LITERAL: 
a:23,12,11,33,28,28
s:28,12,11,22,26,26
LITERAL: 
w:32,14,13,28,22,22
e:48,35,34,35,20,20
i:3,14,38,17,18,18
g:23,34,33,11,16,16
h:22,21,20,23,14,14
t:16,37,36,23,37,37
LITERAL: 
t:37,33,32,44,33,33
o:27,36,35,19,31,31
LITERAL: 
b:24,25,24,47,27,27
e:28,15,14,15,25,25
l:13,11,10,16,23,23
i:31,17,16,20,21,21
e:22,34,33,34,44,44
f:47,46,45,47,42,42
LITERAL: 
i:23,34,33,37,38,38
n:30,27,26,9,11,11
LITERAL: 
m:24,9,8,15,7,7
e:8,20,19,20,30,30
a:23,12,11,33,28,28
s:28,12,11,22,26,26
u:30,13,12,25,24,24
r:23,19,18,4,22,22
e:48,35,34,35,20,20
LITERAL: 
b:13,14,13,11,16,16
u:20,28,27,40,39,39
t:16,37,36,23,37,37
LITERAL: 
v:16,36,35,24,33,33
a:26,15,14,11,6,6
l:19,17,16,22,29,29
u:33,41,40,28,27,27
e:28,15,14,15,25,25
LITERAL: 
i:31,17,16,20,21,21
n:13,10,9,17,19,19
LITERAL: 
k:28,14,13,18,15,15
n:7,4,28,11,13,13
o:32,16,15,24,11,11
w:19,26,25,15,34,34
l:22,45,44,25,32,32
e:8,20,19,20,30,30
d:29,29,28,28,28,28
g:8,19,18,21,26,26
e:2,14,13,14,24,24
LITERAL: 
o:16,25,24,33,45,45
f:23,22,21,23,18,18
LITERAL: 
i:24,35,34,13,14,14
n:31,28,27,35,37,37
v:18,38,37,26,35,35
e:36,23,22,23,8,8
s:33,42,41,27,31,31
t:33,29,28,40,29,29
m:19,29,28,10,27,27
e:28,15,14,15,25,25
n:17,14,13,21,23,23
t:25,21,20,32,21,21
s:21,30,29,15,19,19
LITERAL: 
o:36,20,19,28,15,15
f:43,42,41,43,38,38
LITERAL: 
t:13,9,8,20,9,9
i:17,28,27,31,32,32
m:22,32,31,38,30,30
e:6,18,17,18,28,28
LITERAL: 
a:44,33,32,29,24,24
n:41,38,37,45,22,22
d:21,21,20,20,20,20
LITERAL: 
e:44,31,30,31,16,16
x:26,20,19,10,14,14
p:35,31,30,40,37,37
l:25,23,22,28,35,35
o:29,38,37,21,33,33
r:32,28,27,38,31,31
a:24,38,37,34,29,29
t:31,27,26,38,27,27
i:35,21,20,24,25,25
o:19,28,27,11,23,23
n:15,12,11,19,21,21
LITERAL: 
o:38,22,21,30,17,17
f:45,44,43,45,40,40
LITERAL: 
t:15,11,10,22,11,11
h:42,41,40,43,34,34
e:10,22,21,22,32,32
LITERAL: 
u:34,17,16,29,28,28
n:20,42,41,24,26,26
k:12,23,22,27,24,24
n:17,38,37,21,22,22
o:16,25,24,33,21,21
w:7,10,9,3,18,18
n:14,32,31,18,18,18
LITERAL:.
LITERAL:"
LITERAL: 
LITERAL:—
LITERAL: 
r:10,10,9,0,13,13
a:9,0,12,9,4,4
n:6,16,15,10,10,10
d:0,0,0,0,0,0
a:6,0,9,6,1,1
l:9,7,6,12,5,5
l:7,5,4,10,4,4
LITERAL: 
l:4,2,2,6,2,2
u:2,0,0,2,1,1
j:0,0,0,0,0,0
a:0,0,2,0,0,0
n:0,0,0,0,0,0
LITERAL:
